# JRE version: OpenJDK Runtime Environment (11.0.15) (build 11.0.15+0-b2043.56-9505619)
# Java VM: OpenJDK 64-Bit Server VM (11.0.15+0-b2043.56-9505619, mixed mode, tiered, compressed oops, g1 gc, windows-amd64)
Heap:
 garbage-first heap   total 155648K, used 84311K [0x0000000080000000, 0x0000000100000000)
  region size 1024K, 36 young (36864K), 3 survivors (3072K)
 Metaspace       used 62700K, capacity 64243K, committed 64464K, reserved 1105920K
  class space    used 7887K, capacity 8493K, committed 8524K, reserved 1048576K
GC Heap History (20 events):
Event: 2.201 GC heap before
{Heap before GC invocations=1 (full 0):
 garbage-first heap   total 129024K, used 84350K [0x0000000080000000, 0x0000000100000000)
  region size 1024K, 75 young (76800K), 3 survivors (3072K)
 Metaspace       used 17952K, capacity 18325K, committed 18432K, reserved 1064960K
  class space    used 2094K, capacity 2242K, committed 2304K, reserved 1048576K
}
Event: 2.206 GC heap after
{Heap after GC invocations=2 (full 0):
 garbage-first heap   total 129024K, used 16385K [0x0000000080000000, 0x0000000100000000)
  region size 1024K, 10 young (10240K), 10 survivors (10240K)
 Metaspace       used 17952K, capacity 18325K, committed 18432K, reserved 1064960K
  class space    used 2094K, capacity 2242K, committed 2304K, reserved 1048576K
}
Event: 2.416 GC heap before
{Heap before GC invocations=2 (full 0):
 garbage-first heap   total 129024K, used 40961K [0x0000000080000000, 0x0000000100000000)
  region size 1024K, 35 young (35840K), 10 survivors (10240K)
 Metaspace       used 20761K, capacity 21187K, committed 21296K, reserved 1069056K
  class space    used 2515K, capacity 2685K, committed 2688K, reserved 1048576K
}
Event: 2.422 GC heap after
{Heap after GC invocations=3 (full 0):
 garbage-first heap   total 129024K, used 17602K [0x0000000080000000, 0x0000000100000000)
  region size 1024K, 1 young (1024K), 1 survivors (1024K)
 Metaspace       used 20761K, capacity 21187K, committed 21296K, reserved 1069056K
  class space    used 2515K, capacity 2685K, committed 2688K, reserved 1048576K
}
Event: 2.927 GC heap before
{Heap before GC invocations=4 (full 0):
 garbage-first heap   total 129024K, used 72898K [0x0000000080000000, 0x0000000100000000)
  region size 1024K, 55 young (56320K), 1 survivors (1024K)
 Metaspace       used 26859K, capacity 27547K, committed 27772K, reserved 1073152K
  class space    used 3481K, capacity 3734K, committed 3788K, reserved 1048576K
}
Event: 2.930 GC heap after
{Heap after GC invocations=5 (full 0):
 garbage-first heap   total 129024K, used 19557K [0x0000000080000000, 0x0000000100000000)
  region size 1024K, 3 young (3072K), 3 survivors (3072K)
 Metaspace       used 26859K, capacity 27547K, committed 27772K, reserved 1073152K
  class space    used 3481K, capacity 3734K, committed 3788K, reserved 1048576K
}
Event: 3.508 GC heap before
{Heap before GC invocations=5 (full 0):
 garbage-first heap   total 129024K, used 79973K [0x0000000080000000, 0x0000000100000000)
  region size 1024K, 62 young (63488K), 3 survivors (3072K)
 Metaspace       used 32987K, capacity 33774K, committed 33916K, reserved 1079296K
  class space    used 4432K, capacity 4728K, committed 4812K, reserved 1048576K
}
Event: 3.511 GC heap after
{Heap after GC invocations=6 (full 0):
 garbage-first heap   total 129024K, used 21698K [0x0000000080000000, 0x0000000100000000)
  region size 1024K, 5 young (5120K), 5 survivors (5120K)
 Metaspace       used 32987K, capacity 33774K, committed 33916K, reserved 1079296K
  class space    used 4432K, capacity 4728K, committed 4812K, reserved 1048576K
}
Event: 3.662 GC heap before
{Heap before GC invocations=6 (full 0):
 garbage-first heap   total 129024K, used 28866K [0x0000000080000000, 0x0000000100000000)
  region size 1024K, 13 young (13312K), 5 survivors (5120K)
 Metaspace       used 35069K, capacity 35953K, committed 36048K, reserved 1081344K
  class space    used 4565K, capacity 4921K, committed 4940K, reserved 1048576K
}
Event: 3.668 GC heap after
{Heap after GC invocations=7 (full 0):
 garbage-first heap   total 129024K, used 22949K [0x0000000080000000, 0x0000000100000000)
  region size 1024K, 6 young (6144K), 6 survivors (6144K)
 Metaspace       used 35069K, capacity 35953K, committed 36048K, reserved 1081344K
  class space    used 4565K, capacity 4921K, committed 4940K, reserved 1048576K
}
Event: 4.150 GC heap before
{Heap before GC invocations=8 (full 0):
 garbage-first heap   total 129024K, used 73125K [0x0000000080000000, 0x0000000100000000)
  region size 1024K, 52 young (53248K), 6 survivors (6144K)
 Metaspace       used 40451K, capacity 41483K, committed 41808K, reserved 1085440K
  class space    used 5109K, capacity 5480K, committed 5580K, reserved 1048576K
}
Event: 4.159 GC heap after
{Heap after GC invocations=9 (full 0):
 garbage-first heap   total 129024K, used 27096K [0x0000000080000000, 0x0000000100000000)
  region size 1024K, 7 young (7168K), 7 survivors (7168K)
 Metaspace       used 40451K, capacity 41483K, committed 41808K, reserved 1085440K
  class space    used 5109K, capacity 5480K, committed 5580K, reserved 1048576K
}
Event: 4.707 GC heap before
{Heap before GC invocations=10 (full 0):
 garbage-first heap   total 129024K, used 75224K [0x0000000080000000, 0x0000000100000000)
  region size 1024K, 54 young (55296K), 7 survivors (7168K)
 Metaspace       used 43555K, capacity 44585K, committed 44880K, reserved 1087488K
  class space    used 5588K, capacity 5992K, committed 6092K, reserved 1048576K
}
Event: 4.716 GC heap after
{Heap after GC invocations=11 (full 0):
 garbage-first heap   total 129024K, used 30377K [0x0000000080000000, 0x0000000100000000)
  region size 1024K, 4 young (4096K), 4 survivors (4096K)
 Metaspace       used 43555K, capacity 44585K, committed 44880K, reserved 1087488K
  class space    used 5588K, capacity 5992K, committed 6092K, reserved 1048576K
}
Event: 5.293 GC heap before
{Heap before GC invocations=11 (full 0):
 garbage-first heap   total 129024K, used 80553K [0x0000000080000000, 0x0000000100000000)
  region size 1024K, 52 young (53248K), 4 survivors (4096K)
 Metaspace       used 47783K, capacity 48909K, committed 49232K, reserved 1091584K
  class space    used 6102K, capacity 6515K, committed 6604K, reserved 1048576K
}
Event: 5.297 GC heap after
{Heap after GC invocations=12 (full 0):
 garbage-first heap   total 155648K, used 31552K [0x0000000080000000, 0x0000000100000000)
  region size 1024K, 5 young (5120K), 5 survivors (5120K)
 Metaspace       used 47783K, capacity 48909K, committed 49232K, reserved 1091584K
  class space    used 6102K, capacity 6515K, committed 6604K, reserved 1048576K
}
Event: 6.200 GC heap before
{Heap before GC invocations=12 (full 0):
 garbage-first heap   total 155648K, used 97088K [0x0000000080000000, 0x0000000100000000)
  region size 1024K, 67 young (68608K), 5 survivors (5120K)
 Metaspace       used 50898K, capacity 52260K, committed 52560K, reserved 1095680K
  class space    used 6455K, capacity 6980K, committed 7116K, reserved 1048576K
}
Event: 6.207 GC heap after
{Heap after GC invocations=13 (full 0):
 garbage-first heap   total 155648K, used 41404K [0x0000000080000000, 0x0000000100000000)
  region size 1024K, 9 young (9216K), 9 survivors (9216K)
 Metaspace       used 50898K, capacity 52260K, committed 52560K, reserved 1095680K
  class space    used 6455K, capacity 6980K, committed 7116K, reserved 1048576K
}
Event: 8.851 GC heap before
{Heap before GC invocations=13 (full 0):
 garbage-first heap   total 155648K, used 102844K [0x0000000080000000, 0x0000000100000000)
  region size 1024K, 69 young (70656K), 9 survivors (9216K)
 Metaspace       used 59545K, capacity 61190K, committed 61392K, reserved 1101824K
  class space    used 7514K, capacity 8166K, committed 8268K, reserved 1048576K
}
Event: 8.861 GC heap after
{Heap after GC invocations=14 (full 0):
 garbage-first heap   total 155648K, used 44375K [0x0000000080000000, 0x0000000100000000)
  region size 1024K, 3 young (3072K), 3 survivors (3072K)
 Metaspace       used 59545K, capacity 61190K, committed 61392K, reserved 1101824K
  class space    used 7514K, capacity 8166K, committed 8268K, reserved 1048576K
}

